# JRE version: OpenJDK Runtime Environment (21.0.4) (build 21.0.4+-12508038-b607.1)
# Java VM: OpenJDK 64-Bit Server VM (21.0.4+-12508038-b607.1, mixed mode, tiered, compressed oops, compressed class ptrs, g1 gc, windows-amd64)
GC Precious Log:
 CardTable entry size: 512
 Card Set container configuration: InlinePtr #cards 5 size 8 Array Of Cards #cards 12 size 40 Howl #buckets 4 coarsen threshold 1843 Howl Bitmap #cards 512 size 80 coarsen threshold 460 Card regions per heap region 1 cards per card region 2048
 CPUs: 8 total, 8 available
 Memory: 16118M
 Large Page Support: Disabled
 NUMA Support: Disabled
 Compressed Oops: Enabled (32-bit)
 Heap Region Size: 1M
 Heap Min Capacity: 8M
 Heap Initial Capacity: 252M
 Heap Max Capacity: 2G
 Pre-touch: Disabled
 Parallel Workers: 8
 Concurrent Workers: 2
 Concurrent Refinement Workers: 8
 Periodic GC: Disabled
Heap:
 garbage-first heap   total 153600K, used 117720K [0x0000000080000000, 0x0000000100000000)
  region size 1024K, 44 young (45056K), 6 survivors (6144K)
 Metaspace       used 98031K, committed 100032K, reserved 1179648K
  class space    used 13354K, committed 14336K, reserved 1048576K
GC Heap History (20 events):
Event: 7.776 GC heap before
{Heap before GC invocations=21 (full 0):
 garbage-first heap   total 91136K, used 81702K [0x0000000080000000, 0x0000000100000000)
  region size 1024K, 34 young (34816K), 3 survivors (3072K)
 Metaspace       used 66710K, committed 68352K, reserved 1114112K
  class space    used 9070K, committed 9920K, reserved 1048576K
}
Event: 7.781 GC heap after
{Heap after GC invocations=22 (full 0):
 garbage-first heap   total 109568K, used 49839K [0x0000000080000000, 0x0000000100000000)
  region size 1024K, 4 young (4096K), 4 survivors (4096K)
 Metaspace       used 66710K, committed 68352K, reserved 1114112K
  class space    used 9070K, committed 9920K, reserved 1048576K
}
Event: 8.403 GC heap before
{Heap before GC invocations=22 (full 0):
 garbage-first heap   total 109568K, used 103087K [0x0000000080000000, 0x0000000100000000)
  region size 1024K, 50 young (51200K), 4 survivors (4096K)
 Metaspace       used 69781K, committed 71552K, reserved 1114112K
  class space    used 9480K, committed 10368K, reserved 1048576K
}
Event: 8.406 GC heap after
{Heap after GC invocations=23 (full 0):
 garbage-first heap   total 114688K, used 62432K [0x0000000080000000, 0x0000000100000000)
  region size 1024K, 7 young (7168K), 7 survivors (7168K)
 Metaspace       used 69781K, committed 71552K, reserved 1114112K
  class space    used 9480K, committed 10368K, reserved 1048576K
}
Event: 8.836 GC heap before
{Heap before GC invocations=23 (full 0):
 garbage-first heap   total 114688K, used 99296K [0x0000000080000000, 0x0000000100000000)
  region size 1024K, 44 young (45056K), 7 survivors (7168K)
 Metaspace       used 73968K, committed 75712K, reserved 1114112K
  class space    used 9893K, committed 10752K, reserved 1048576K
}
Event: 8.839 GC heap after
{Heap after GC invocations=24 (full 0):
 garbage-first heap   total 114688K, used 63818K [0x0000000080000000, 0x0000000100000000)
  region size 1024K, 2 young (2048K), 2 survivors (2048K)
 Metaspace       used 73968K, committed 75712K, reserved 1114112K
  class space    used 9893K, committed 10752K, reserved 1048576K
}
Event: 9.256 GC heap before
{Heap before GC invocations=24 (full 0):
 garbage-first heap   total 114688K, used 101706K [0x0000000080000000, 0x0000000100000000)
  region size 1024K, 39 young (39936K), 2 survivors (2048K)
 Metaspace       used 78599K, committed 80448K, reserved 1179648K
  class space    used 10519K, committed 11392K, reserved 1048576K
}
Event: 9.259 GC heap after
{Heap after GC invocations=25 (full 0):
 garbage-first heap   total 114688K, used 66489K [0x0000000080000000, 0x0000000100000000)
  region size 1024K, 4 young (4096K), 4 survivors (4096K)
 Metaspace       used 78599K, committed 80448K, reserved 1179648K
  class space    used 10519K, committed 11392K, reserved 1048576K
}
Event: 9.607 GC heap before
{Heap before GC invocations=26 (full 0):
 garbage-first heap   total 114688K, used 107449K [0x0000000080000000, 0x0000000100000000)
  region size 1024K, 39 young (39936K), 4 survivors (4096K)
 Metaspace       used 80580K, committed 82432K, reserved 1179648K
  class space    used 10793K, committed 11712K, reserved 1048576K
}
Event: 9.612 GC heap after
{Heap after GC invocations=27 (full 0):
 garbage-first heap   total 115712K, used 71283K [0x0000000080000000, 0x0000000100000000)
  region size 1024K, 5 young (5120K), 5 survivors (5120K)
 Metaspace       used 80580K, committed 82432K, reserved 1179648K
  class space    used 10793K, committed 11712K, reserved 1048576K
}
Event: 9.957 GC heap before
{Heap before GC invocations=27 (full 0):
 garbage-first heap   total 115712K, used 103027K [0x0000000080000000, 0x0000000100000000)
  region size 1024K, 36 young (36864K), 5 survivors (5120K)
 Metaspace       used 82987K, committed 84864K, reserved 1179648K
  class space    used 11104K, committed 12032K, reserved 1048576K
}
Event: 9.960 GC heap after
{Heap after GC invocations=28 (full 0):
 garbage-first heap   total 115712K, used 72386K [0x0000000080000000, 0x0000000100000000)
  region size 1024K, 2 young (2048K), 2 survivors (2048K)
 Metaspace       used 82987K, committed 84864K, reserved 1179648K
  class space    used 11104K, committed 12032K, reserved 1048576K
}
Event: 10.226 GC heap before
{Heap before GC invocations=28 (full 0):
 garbage-first heap   total 115712K, used 106178K [0x0000000080000000, 0x0000000100000000)
  region size 1024K, 35 young (35840K), 2 survivors (2048K)
 Metaspace       used 84596K, committed 86464K, reserved 1179648K
  class space    used 11299K, committed 12224K, reserved 1048576K
}
Event: 10.231 GC heap after
{Heap after GC invocations=29 (full 0):
 garbage-first heap   total 115712K, used 75970K [0x0000000080000000, 0x0000000100000000)
  region size 1024K, 5 young (5120K), 5 survivors (5120K)
 Metaspace       used 84596K, committed 86464K, reserved 1179648K
  class space    used 11299K, committed 12224K, reserved 1048576K
}
Event: 10.782 GC heap before
{Heap before GC invocations=30 (full 0):
 garbage-first heap   total 128000K, used 102594K [0x0000000080000000, 0x0000000100000000)
  region size 1024K, 31 young (31744K), 5 survivors (5120K)
 Metaspace       used 86724K, committed 88640K, reserved 1179648K
  class space    used 11590K, committed 12544K, reserved 1048576K
}
Event: 10.787 GC heap after
{Heap after GC invocations=31 (full 0):
 garbage-first heap   total 128000K, used 77627K [0x0000000080000000, 0x0000000100000000)
  region size 1024K, 2 young (2048K), 2 survivors (2048K)
 Metaspace       used 86724K, committed 88640K, reserved 1179648K
  class space    used 11590K, committed 12544K, reserved 1048576K
}
Event: 11.584 GC heap before
{Heap before GC invocations=31 (full 0):
 garbage-first heap   total 128000K, used 116539K [0x0000000080000000, 0x0000000100000000)
  region size 1024K, 40 young (40960K), 2 survivors (2048K)
 Metaspace       used 89846K, committed 91840K, reserved 1179648K
  class space    used 12118K, committed 13120K, reserved 1048576K
}
Event: 11.587 GC heap after
{Heap after GC invocations=32 (full 0):
 garbage-first heap   total 153600K, used 76355K [0x0000000080000000, 0x0000000100000000)
  region size 1024K, 3 young (3072K), 3 survivors (3072K)
 Metaspace       used 89846K, committed 91840K, reserved 1179648K
  class space    used 12118K, committed 13120K, reserved 1048576K
}
Event: 12.633 GC heap before
{Heap before GC invocations=32 (full 0):
 garbage-first heap   total 153600K, used 137795K [0x0000000080000000, 0x0000000100000000)
  region size 1024K, 63 young (64512K), 3 survivors (3072K)
 Metaspace       used 94915K, committed 96960K, reserved 1179648K
  class space    used 12878K, committed 13888K, reserved 1048576K
}
Event: 12.639 GC heap after
{Heap after GC invocations=33 (full 0):
 garbage-first heap   total 153600K, used 79832K [0x0000000080000000, 0x0000000100000000)
  region size 1024K, 6 young (6144K), 6 survivors (6144K)
 Metaspace       used 94915K, committed 96960K, reserved 1179648K
  class space    used 12878K, committed 13888K, reserved 1048576K
}

