# JRE version: OpenJDK Runtime Environment (21.0.4) (build 21.0.4+-12508038-b607.1)
# Java VM: OpenJDK 64-Bit Server VM (21.0.4+-12508038-b607.1, mixed mode, tiered, compressed oops, compressed class ptrs, g1 gc, windows-amd64)
GC Precious Log:
 CardTable entry size: 512
 Card Set container configuration: InlinePtr #cards 5 size 8 Array Of Cards #cards 12 size 40 Howl #buckets 4 coarsen threshold 1843 Howl Bitmap #cards 512 size 80 coarsen threshold 460 Card regions per heap region 1 cards per card region 2048
 CPUs: 8 total, 8 available
 Memory: 16118M
 Large Page Support: Disabled
 NUMA Support: Disabled
 Compressed Oops: Enabled (32-bit)
 Heap Region Size: 1M
 Heap Min Capacity: 8M
 Heap Initial Capacity: 252M
 Heap Max Capacity: 2G
 Pre-touch: Disabled
 Parallel Workers: 8
 Concurrent Workers: 2
 Concurrent Refinement Workers: 8
 Periodic GC: Disabled
Heap:
 garbage-first heap   total 377856K, used 228458K [0x0000000080000000, 0x0000000100000000)
  region size 1024K, 5 young (5120K), 5 survivors (5120K)
 Metaspace       used 158488K, committed 161024K, reserved 1245184K
  class space    used 20699K, committed 22016K, reserved 1048576K
GC Heap History (20 events):
Event: 143.719 GC heap after
{Heap after GC invocations=74 (full 0):
 garbage-first heap   total 365568K, used 220160K [0x0000000080000000, 0x0000000100000000)
  region size 1024K, 6 young (6144K), 6 survivors (6144K)
 Metaspace       used 157474K, committed 160000K, reserved 1245184K
  class space    used 20642K, committed 21952K, reserved 1048576K
}
Event: 144.061 GC heap before
{Heap before GC invocations=74 (full 0):
 garbage-first heap   total 365568K, used 339968K [0x0000000080000000, 0x0000000100000000)
  region size 1024K, 123 young (125952K), 6 survivors (6144K)
 Metaspace       used 157624K, committed 160192K, reserved 1245184K
  class space    used 20648K, committed 21952K, reserved 1048576K
}
Event: 144.072 GC heap after
{Heap after GC invocations=75 (full 0):
 garbage-first heap   total 365568K, used 216832K [0x0000000080000000, 0x0000000100000000)
  region size 1024K, 7 young (7168K), 7 survivors (7168K)
 Metaspace       used 157624K, committed 160192K, reserved 1245184K
  class space    used 20648K, committed 21952K, reserved 1048576K
}
Event: 144.445 GC heap before
{Heap before GC invocations=75 (full 0):
 garbage-first heap   total 365568K, used 336640K [0x0000000080000000, 0x0000000100000000)
  region size 1024K, 125 young (128000K), 7 survivors (7168K)
 Metaspace       used 157837K, committed 160320K, reserved 1245184K
  class space    used 20670K, committed 21952K, reserved 1048576K
}
Event: 144.453 GC heap after
{Heap after GC invocations=76 (full 0):
 garbage-first heap   total 365568K, used 218738K [0x0000000080000000, 0x0000000100000000)
  region size 1024K, 9 young (9216K), 9 survivors (9216K)
 Metaspace       used 157837K, committed 160320K, reserved 1245184K
  class space    used 20670K, committed 21952K, reserved 1048576K
}
Event: 145.183 GC heap before
{Heap before GC invocations=77 (full 0):
 garbage-first heap   total 367616K, used 335474K [0x0000000080000000, 0x0000000100000000)
  region size 1024K, 123 young (125952K), 9 survivors (9216K)
 Metaspace       used 158074K, committed 160576K, reserved 1245184K
  class space    used 20674K, committed 21952K, reserved 1048576K
}
Event: 145.195 GC heap after
{Heap after GC invocations=78 (full 0):
 garbage-first heap   total 367616K, used 220037K [0x0000000080000000, 0x0000000100000000)
  region size 1024K, 10 young (10240K), 10 survivors (10240K)
 Metaspace       used 158074K, committed 160576K, reserved 1245184K
  class space    used 20674K, committed 21952K, reserved 1048576K
}
Event: 145.683 GC heap before
{Heap before GC invocations=78 (full 0):
 garbage-first heap   total 367616K, used 336773K [0x0000000080000000, 0x0000000100000000)
  region size 1024K, 124 young (126976K), 10 survivors (10240K)
 Metaspace       used 158205K, committed 160704K, reserved 1245184K
  class space    used 20685K, committed 21952K, reserved 1048576K
}
Event: 145.694 GC heap after
{Heap after GC invocations=79 (full 0):
 garbage-first heap   total 367616K, used 216527K [0x0000000080000000, 0x0000000100000000)
  region size 1024K, 8 young (8192K), 8 survivors (8192K)
 Metaspace       used 158205K, committed 160704K, reserved 1245184K
  class space    used 20685K, committed 21952K, reserved 1048576K
}
Event: 146.112 GC heap before
{Heap before GC invocations=79 (full 0):
 garbage-first heap   total 367616K, used 339407K [0x0000000080000000, 0x0000000100000000)
  region size 1024K, 128 young (131072K), 8 survivors (8192K)
 Metaspace       used 158239K, committed 160768K, reserved 1245184K
  class space    used 20686K, committed 21952K, reserved 1048576K
}
Event: 146.120 GC heap after
{Heap after GC invocations=80 (full 0):
 garbage-first heap   total 367616K, used 216721K [0x0000000080000000, 0x0000000100000000)
  region size 1024K, 8 young (8192K), 8 survivors (8192K)
 Metaspace       used 158239K, committed 160768K, reserved 1245184K
  class space    used 20686K, committed 21952K, reserved 1048576K
}
Event: 146.593 GC heap before
{Heap before GC invocations=81 (full 0):
 garbage-first heap   total 367616K, used 339601K [0x0000000080000000, 0x0000000100000000)
  region size 1024K, 128 young (131072K), 8 survivors (8192K)
 Metaspace       used 158306K, committed 160832K, reserved 1245184K
  class space    used 20688K, committed 21952K, reserved 1048576K
}
Event: 146.603 GC heap after
{Heap after GC invocations=82 (full 0):
 garbage-first heap   total 367616K, used 218677K [0x0000000080000000, 0x0000000100000000)
  region size 1024K, 10 young (10240K), 10 survivors (10240K)
 Metaspace       used 158306K, committed 160832K, reserved 1245184K
  class space    used 20688K, committed 21952K, reserved 1048576K
}
Event: 146.941 GC heap before
{Heap before GC invocations=82 (full 0):
 garbage-first heap   total 367616K, used 337461K [0x0000000080000000, 0x0000000100000000)
  region size 1024K, 126 young (129024K), 10 survivors (10240K)
 Metaspace       used 158348K, committed 160896K, reserved 1245184K
  class space    used 20688K, committed 21952K, reserved 1048576K
}
Event: 146.952 GC heap after
{Heap after GC invocations=83 (full 0):
 garbage-first heap   total 367616K, used 214934K [0x0000000080000000, 0x0000000100000000)
  region size 1024K, 9 young (9216K), 9 survivors (9216K)
 Metaspace       used 158348K, committed 160896K, reserved 1245184K
  class space    used 20688K, committed 21952K, reserved 1048576K
}
Event: 147.263 GC heap before
{Heap before GC invocations=83 (full 0):
 garbage-first heap   total 367616K, used 337814K [0x0000000080000000, 0x0000000100000000)
  region size 1024K, 130 young (133120K), 9 survivors (9216K)
 Metaspace       used 158421K, committed 160960K, reserved 1245184K
  class space    used 20696K, committed 21952K, reserved 1048576K
}
Event: 147.280 GC heap after
{Heap after GC invocations=84 (full 0):
 garbage-first heap   total 367616K, used 225582K [0x0000000080000000, 0x0000000100000000)
  region size 1024K, 17 young (17408K), 17 survivors (17408K)
 Metaspace       used 158421K, committed 160960K, reserved 1245184K
  class space    used 20696K, committed 21952K, reserved 1048576K
}
Event: 148.514 GC heap before
{Heap before GC invocations=85 (full 0):
 garbage-first heap   total 377856K, used 330030K [0x0000000080000000, 0x0000000100000000)
  region size 1024K, 119 young (121856K), 17 survivors (17408K)
 Metaspace       used 158445K, committed 160960K, reserved 1245184K
  class space    used 20697K, committed 21952K, reserved 1048576K
}
Event: 148.545 GC heap after
{Heap after GC invocations=86 (full 0):
 garbage-first heap   total 377856K, used 230126K [0x0000000080000000, 0x0000000100000000)
  region size 1024K, 5 young (5120K), 5 survivors (5120K)
 Metaspace       used 158445K, committed 160960K, reserved 1245184K
  class space    used 20697K, committed 21952K, reserved 1048576K
}
Event: 150.748 GC heap before
{Heap before GC invocations=86 (full 0):
 garbage-first heap   total 377856K, used 353006K [0x0000000080000000, 0x0000000100000000)
  region size 1024K, 125 young (128000K), 5 survivors (5120K)
 Metaspace       used 158488K, committed 161024K, reserved 1245184K
  class space    used 20699K, committed 22016K, reserved 1048576K
}

